<?xml version="1.0" encoding="UTF-8" ?>
<testsuite errors="0" failures="0" hostname="ecsun-9osp6i1mz" name="com.faceye.test.core.service.TestReflect" tests="1" time="0.359" timestamp="2007-01-14T07:54:01">
  <properties>
[...]
</properties>
  <testcase classname="com.faceye.test.core.service.TestReflect" name="testInterface" time="0.109" />
  <system-out><![CDATA[com.faceye.core.service.iface.IBaseService
org.springframework.web.context.WebApplicationContext.ROOT
]]></system-out>
  <system-err><![CDATA[]]></system-err>
</testsuite>
